#
# A fatal error has been detected by the Java Runtime Environment:
#
#  SIGSEGV (0xb) at pc=0x906c3fce, pid=4022, tid=3064482672
#
# JRE version: 6.0_24-b07
# Java VM: Java HotSpot(TM) Server VM (19.1-b02 mixed mode linux-x86 )
# Problematic frame:
# C  [libmawt.so+0x92fce]  Java_sun_awt_motif_X11FontMetrics_init+0x1ce
#
# If you would like to submit a bug report, please visit:
#   http://java.sun.com/webapps/bugreport/crash.jsp
# The crash happened outside the Java Virtual Machine in native code.
# See problematic frame for where to report the bug.
#

---------------  T H R E A D  ---------------

Current thread (0x094d5000):  JavaThread "main" [_thread_in_native, id=4023, stack(0xb6a34000,0xb6a85000)]

siginfo:si_signo=SIGSEGV: si_errno=0, si_code=1 (SEGV_MAPERR), si_addr=0x0000004c

Registers:
EAX=0x00000062, EBX=0x908cb160, ECX=0xb7277840, EDX=0x00000000
ESP=0xb6a83770, EBP=0xb6a83bc8, ESI=0x0983acd8, EDI=0xb6a83c14
EIP=0x906c3fce, CR2=0x0000004c, EFLAGS=0x00010246

Register to memory mapping:

EAX=0x00000062
0x00000062 is pointing to unknown location

EBX=0x908cb160
0x908cb160: <offset 0x29a160> in /usr/lib/jvm/java-6-sun-1.6.0.24/jre/lib/i386/motif21/libmawt.so at 0x90631000

ECX=0xb7277840
0xb7277840: <offset 0x7cc840> in /usr/lib/jvm/java-6-sun-1.6.0.24/jre/lib/i386/server/libjvm.so at 0xb6aab000

EDX=0x00000000
0x00000000 is pointing to unknown location

ESP=0xb6a83770
0xb6a83770 is pointing into the stack for thread: 0x094d5000
"main" prio=10 tid=0x094d5000 nid=0xfb7 runnable [0xb6a83000]
   java.lang.Thread.State: RUNNABLE

EBP=0xb6a83bc8
0xb6a83bc8 is pointing into the stack for thread: 0x094d5000
"main" prio=10 tid=0x094d5000 nid=0xfb7 runnable [0xb6a83000]
   java.lang.Thread.State: RUNNABLE

ESI=0x0983acd8
0x0983acd8 is pointing to unknown location

EDI=0xb6a83c14
0xb6a83c14 is pointing into the stack for thread: 0x094d5000
"main" prio=10 tid=0x094d5000 nid=0xfb7 runnable [0xb6a83000]
   java.lang.Thread.State: RUNNABLE


Top of Stack: (sp=0xb6a83770)
0xb6a83770:   094d5118 b6a83c14 00000062 00000001
0xb6a83780:   b6d54286 a9722990 b6a83788 00000000
0xb6a83790:   b6a837bc 913f6538 00000000 913f5f60
0xb6a837a0:   00000000 b6a837b8 0983acd8 00000000
0xb6a837b0:   00000000 a96e0f90 906c3e00 ffffffff
0xb6a837c0:   00000001 00000000 b6a837c0 912ff020
0xb6a837d0:   b6ed84b4 91354958 00000000 912ff048
0xb6a837e0:   00000000 b6a83810 b6a8382c b39aa3e6 

Instructions: (pc=0x906c3fce)
0x906c3fbe:   8b 0a 89 7c 24 04 89 14 24 89 44 24 08 8b 56 0c
0x906c3fce:   8b 42 4c 03 42 48 40 89 44 24 0c ff 91 b4 01 00 

Stack: [0xb6a34000,0xb6a85000],  sp=0xb6a83770,  free space=317k
Native frames: (J=compiled Java code, j=interpreted, Vv=VM code, C=native code)
C  [libmawt.so+0x92fce]  Java_sun_awt_motif_X11FontMetrics_init+0x1ce
j  sun.awt.motif.X11FontMetrics.init()V+0
j  sun.awt.motif.X11FontMetrics.<init>(Ljava/awt/Font;)V+6
j  sun.awt.motif.X11FontMetrics.getFontMetrics(Ljava/awt/Font;)Ljava/awt/FontMetrics;+24
j  sun.awt.motif.MComponentPeer.getFontMetrics(Ljava/awt/Font;)Ljava/awt/FontMetrics;+1
j  sun.awt.motif.MLabelPeer.getMinimumSize()Ljava/awt/Dimension;+8
j  sun.awt.motif.MComponentPeer.getPreferredSize()Ljava/awt/Dimension;+1
j  sun.awt.motif.MComponentPeer.preferredSize()Ljava/awt/Dimension;+1
j  java.awt.Component.preferredSize()Ljava/awt/Dimension;+42
j  java.awt.Component.getPreferredSize()Ljava/awt/Dimension;+1
j  java.awt.BorderLayout.preferredLayoutSize(Ljava/awt/Container;)Ljava/awt/Dimension;+264
j  java.awt.Container.preferredSize()Ljava/awt/Dimension;+43
j  java.awt.Container.getPreferredSize()Ljava/awt/Dimension;+1
j  java.awt.Window.pack()V+32
j  sun.applet.AppletViewer.<init>(IILjava/net/URL;Ljava/util/Hashtable;Ljava/io/PrintStream;Lsun/applet/AppletViewerFactory;)V+340
j  sun.applet.StdAppletViewerFactory.createAppletViewer(IILjava/net/URL;Ljava/util/Hashtable;)Lsun/applet/AppletViewer;+13
j  sun.applet.AppletViewer.parse(Ljava/net/URL;Ljava/io/PrintStream;Lsun/applet/AppletViewerFactory;)V+308
j  sun.applet.AppletViewer.parse(Ljava/net/URL;Ljava/lang/String;)V+15
j  sun.applet.Main.run([Ljava/lang/String;)I+159
j  sun.applet.Main.main([Ljava/lang/String;)V+10
j  sun.applet.AppletViewer.main([Ljava/lang/String;)V+1
v  ~StubRoutines::call_stub
V  [libjvm.so+0x3cfb21]
V  [libjvm.so+0x5c5478]
V  [libjvm.so+0x3cf94f]
V  [libjvm.so+0x402ca4]
V  [libjvm.so+0x3f2b4c]
C  [java+0x1b98]  JavaMain+0x2c8
C  [libpthread.so.0+0x580e]

Java frames: (J=compiled Java code, j=interpreted, Vv=VM code)
j  sun.awt.motif.X11FontMetrics.init()V+0
j  sun.awt.motif.X11FontMetrics.<init>(Ljava/awt/Font;)V+6
j  sun.awt.motif.X11FontMetrics.getFontMetrics(Ljava/awt/Font;)Ljava/awt/FontMetrics;+24
j  sun.awt.motif.MComponentPeer.getFontMetrics(Ljava/awt/Font;)Ljava/awt/FontMetrics;+1
j  sun.awt.motif.MLabelPeer.getMinimumSize()Ljava/awt/Dimension;+8
j  sun.awt.motif.MComponentPeer.getPreferredSize()Ljava/awt/Dimension;+1
j  sun.awt.motif.MComponentPeer.preferredSize()Ljava/awt/Dimension;+1
j  java.awt.Component.preferredSize()Ljava/awt/Dimension;+42
j  java.awt.Component.getPreferredSize()Ljava/awt/Dimension;+1
j  java.awt.BorderLayout.preferredLayoutSize(Ljava/awt/Container;)Ljava/awt/Dimension;+264
j  java.awt.Container.preferredSize()Ljava/awt/Dimension;+43
j  java.awt.Container.getPreferredSize()Ljava/awt/Dimension;+1
j  java.awt.Window.pack()V+32
j  sun.applet.AppletViewer.<init>(IILjava/net/URL;Ljava/util/Hashtable;Ljava/io/PrintStream;Lsun/applet/AppletViewerFactory;)V+340
j  sun.applet.StdAppletViewerFactory.createAppletViewer(IILjava/net/URL;Ljava/util/Hashtable;)Lsun/applet/AppletViewer;+13
j  sun.applet.AppletViewer.parse(Ljava/net/URL;Ljava/io/PrintStream;Lsun/applet/AppletViewerFactory;)V+308
j  sun.applet.AppletViewer.parse(Ljava/net/URL;Ljava/lang/String;)V+15
j  sun.applet.Main.run([Ljava/lang/String;)I+159
j  sun.applet.Main.main([Ljava/lang/String;)V+10
j  sun.applet.AppletViewer.main([Ljava/lang/String;)V+1
v  ~StubRoutines::call_stub

---------------  P R O C E S S  ---------------

Java Threads: ( => current thread )
  0x097f7c00 JavaThread "thread applet-service_applet_v01/JAppletService.class" [_thread_blocked, id=4041, stack(0x90185000,0x901d6000)]
  0x097d9000 JavaThread "AWT-Motif" daemon [_thread_blocked, id=4039, stack(0x901d6000,0x90227000)]
  0x097c3800 JavaThread "AWT-Shutdown" [_thread_blocked, id=4038, stack(0x8ffaf000,0x90000000)]
  0x096e1c00 JavaThread "Java2D Disposer" daemon [_thread_blocked, id=4037, stack(0x90227000,0x90278000)]
  0x09577000 JavaThread "Low Memory Detector" daemon [_thread_blocked, id=4035, stack(0x90b2f000,0x90b80000)]
  0x09575800 JavaThread "CompilerThread1" daemon [_thread_blocked, id=4034, stack(0x90b80000,0x90c01000)]
  0x09569c00 JavaThread "CompilerThread0" daemon [_thread_blocked, id=4033, stack(0x90c01000,0x90c82000)]
  0x09568400 JavaThread "Signal Dispatcher" daemon [_thread_blocked, id=4032, stack(0x90c82000,0x90cd3000)]
  0x09555c00 JavaThread "Finalizer" daemon [_thread_blocked, id=4031, stack(0x90d19000,0x90d6a000)]
  0x09554400 JavaThread "Reference Handler" daemon [_thread_blocked, id=4030, stack(0x90d6a000,0x90dbb000)]
=>0x094d5000 JavaThread "main" [_thread_in_native, id=4023, stack(0xb6a34000,0xb6a85000)]

Other Threads:
  0x09550800 VMThread [stack: 0x90dbb000,0x90e3c000] [id=4029]
  0x09579000 WatcherThread [stack: 0x9097f000,0x90a00000] [id=4036]

VM state:not at safepoint (normal execution)

VM Mutex/Monitor currently owned by a thread: None

Heap
 PSYoungGen      total 9088K, used 3329K [0xa96e0000, 0xaa100000, 0xb38e0000)
  eden space 7808K, 42% used [0xa96e0000,0xa9a20770,0xa9e80000)
  from space 1280K, 0% used [0xa9fc0000,0xa9fc0000,0xaa100000)
  to   space 1280K, 0% used [0xa9e80000,0xa9e80000,0xa9fc0000)
 PSOldGen        total 20736K, used 0K [0x952e0000, 0x96720000, 0xa96e0000)
  object space 20736K, 0% used [0x952e0000,0x952e0000,0x96720000)
 PSPermGen       total 16384K, used 4800K [0x912e0000, 0x922e0000, 0x952e0000)
  object space 16384K, 29% used [0x912e0000,0x917900d0,0x922e0000)

Dynamic libraries:
08048000-08052000 r-xp 00000000 08:06 164271     /usr/lib/jvm/java-6-sun-1.6.0.24/jre/bin/java
08052000-08053000 rwxp 00009000 08:06 164271     /usr/lib/jvm/java-6-sun-1.6.0.24/jre/bin/java
094ce000-09869000 rwxp 00000000 00:00 0          [heap]
8fcfc000-8fdbd000 rwxp 00000000 00:00 0 
8fe7e000-8ff3f000 rwxp 00000000 00:00 0 
8ffaf000-8ffb2000 ---p 00000000 00:00 0 
8ffb2000-90000000 rwxp 00000000 00:00 0 
90000000-900da000 rwxp 00000000 00:00 0 
900da000-90100000 ---p 00000000 00:00 0 
90130000-90131000 r-xs 00000000 08:06 933958     /var/cache/fontconfig/c05880de57d1f5e948fdfacc138775d9-x86.cache-2
90131000-90137000 r-xs 00000000 08:06 933955     /var/cache/fontconfig/945677eb7aeaf62f1d50efc3fb3ec7d8-x86.cache-2
90137000-90139000 r-xs 00000000 08:06 933956     /var/cache/fontconfig/99e8ed0e538f840c565b6ed5dad60d56-x86.cache-2
90139000-9013b000 r-xs 00000000 08:06 933966     /var/cache/fontconfig/f24b2111ab8703b4e963115a8cf14259-x86.cache-2
9013b000-9013e000 r-xs 00000000 08:06 933964     /var/cache/fontconfig/e383d7ea5fbe662a33d9b44caf393297-x86.cache-2
9013e000-90142000 r-xs 00000000 08:06 934376     /var/cache/fontconfig/926e794c3d5e5dffcaf2fa83ef8d36c2-x86.cache-2
90142000-90143000 r-xs 00000000 08:06 933950     /var/cache/fontconfig/4c73fe0c47614734b17d736dbde7580a-x86.cache-2
90143000-90147000 r-xs 00000000 08:06 933943     /var/cache/fontconfig/062808c12e6e608270f93bb230aed730-x86.cache-2
90147000-9014a000 r-xs 00000000 08:06 933957     /var/cache/fontconfig/a755afe4a08bf5b97852ceb7400b47bc-x86.cache-2
9014a000-90151000 r-xs 00000000 08:06 941052     /var/cache/fontconfig/6d41288fd70b0be22e8c3a91e032eec0-x86.cache-2
90151000-9015c000 r-xs 00000000 08:06 933944     /var/cache/fontconfig/0f34bcd4b6ee430af32735b75db7f02b-x86.cache-2
9015c000-9015d000 r-xs 00000000 08:06 934440     /var/cache/fontconfig/4794a0821666d79190d59a36cb4f44b5-x86.cache-2
9015d000-9015f000 r-xs 00000000 08:06 933946     /var/cache/fontconfig/2c5ba8142dffc8bf0377700342b8ca1a-x86.cache-2
9015f000-90167000 r-xs 00000000 08:06 933961     /var/cache/fontconfig/d52a8644073d54c13679302ca1180695-x86.cache-2
90167000-90175000 r-xs 00000000 08:06 935582     /var/cache/fontconfig/e13b20fdb08344e0e664864cc2ede53d-x86.cache-2
90185000-90188000 ---p 00000000 00:00 0 
90188000-901d6000 rwxp 00000000 00:00 0 
901d6000-901d9000 ---p 00000000 00:00 0 
901d9000-90227000 rwxp 00000000 00:00 0 
90227000-9022a000 ---p 00000000 00:00 0 
9022a000-90278000 rwxp 00000000 00:00 0 
90278000-902f1000 r-xp 00000000 08:06 176193     /usr/lib/jvm/java-6-sun-1.6.0.24/jre/lib/i386/libfontmanager.so
902f1000-902fb000 rwxp 00078000 08:06 176193     /usr/lib/jvm/java-6-sun-1.6.0.24/jre/lib/i386/libfontmanager.so
902fb000-90300000 rwxp 00000000 00:00 0 
90300000-903fb000 rwxp 00000000 00:00 0 
903fb000-90400000 ---p 00000000 00:00 0 
9040f000-90413000 r-xp 00000000 08:06 17955      /usr/lib/libXfixes.so.3.1.0
90413000-90414000 r-xp 00003000 08:06 17955      /usr/lib/libXfixes.so.3.1.0
90414000-90415000 rwxp 00004000 08:06 17955      /usr/lib/libXfixes.so.3.1.0
90415000-9041e000 r-xp 00000000 08:06 17947      /usr/lib/libXcursor.so.1.0.2
9041e000-9041f000 r-xp 00008000 08:06 17947      /usr/lib/libXcursor.so.1.0.2
9041f000-90420000 rwxp 00009000 08:06 17947      /usr/lib/libXcursor.so.1.0.2
90435000-90437000 r-xs 00000000 08:06 935583     /var/cache/fontconfig/7ef2298fde41cc6eeb7af42e48b7d293-x86.cache-2
90437000-90445000 r-xs 00000000 08:06 941042     /var/cache/fontconfig/865f88548240fee46819705c6468c165-x86.cache-2
90445000-9045b000 r-xs 00110000 08:07 4007845    /home/ivan/NetBeansProjects/Jena-2.6.0/lib/xercesImpl.jar
9045b000-90467000 r-xs 00097000 08:07 4007840    /home/ivan/NetBeansProjects/Jena-2.6.0/lib/lucene-core-2.3.1.jar
90467000-9047f000 r-xs 00133000 08:07 4007836    /home/ivan/NetBeansProjects/Jena-2.6.0/lib/jenatest.jar
9047f000-904a4000 r-xs 001c2000 08:07 4007835    /home/ivan/NetBeansProjects/Jena-2.6.0/lib/jena.jar
904a4000-904a7000 r-xs 0001e000 08:07 4007834    /home/ivan/NetBeansProjects/Jena-2.6.0/lib/iri.jar
904a7000-904bf000 r-xs 002e9000 08:07 4007833    /home/ivan/NetBeansProjects/Jena-2.6.0/lib/icu4j_3_4.jar
904bf000-904d9000 r-xs 0012e000 08:07 4007832    /home/ivan/NetBeansProjects/Jena-2.6.0/lib/arq.jar
904d9000-904f5000 r-xp 00000000 08:06 18972      /usr/lib/libxcb.so.1.1.0
904f5000-904f6000 r-xp 0001c000 08:06 18972      /usr/lib/libxcb.so.1.1.0
904f6000-904f7000 rwxp 0001d000 08:06 18972      /usr/lib/libxcb.so.1.1.0
904f7000-90500000 r-xp 00000000 08:06 17961      /usr/lib/libXi.so.6.0.0
90500000-90501000 r-xp 00008000 08:06 17961      /usr/lib/libXi.so.6.0.0
90501000-90502000 rwxp 00009000 08:06 17961      /usr/lib/libXi.so.6.0.0
90502000-9062c000 r-xp 00000000 08:06 17934      /usr/lib/libX11.so.6.2.0
9062c000-9062d000 ---p 0012a000 08:06 17934      /usr/lib/libX11.so.6.2.0
9062d000-9062e000 r-xp 0012a000 08:06 17934      /usr/lib/libX11.so.6.2.0
9062e000-90630000 rwxp 0012b000 08:06 17934      /usr/lib/libX11.so.6.2.0
90630000-90631000 rwxp 00000000 00:00 0 
90631000-908ba000 r-xp 00000000 08:06 183911     /usr/lib/jvm/java-6-sun-1.6.0.24/jre/lib/i386/motif21/libmawt.so
908ba000-908cc000 rwxp 00288000 08:06 183911     /usr/lib/jvm/java-6-sun-1.6.0.24/jre/lib/i386/motif21/libmawt.so
908cc000-908d0000 rwxp 00000000 00:00 0 
908d0000-90954000 r-xp 00000000 08:06 175193     /usr/lib/jvm/java-6-sun-1.6.0.24/jre/lib/i386/libawt.so
90954000-9095b000 rwxp 00084000 08:06 175193     /usr/lib/jvm/java-6-sun-1.6.0.24/jre/lib/i386/libawt.so
9095b000-9097f000 rwxp 00000000 00:00 0 
9097f000-90980000 ---p 00000000 00:00 0 
90980000-90a00000 rwxp 00000000 00:00 0 
90a00000-90afe000 rwxp 00000000 00:00 0 
90afe000-90b00000 ---p 00000000 00:00 0 
90b00000-90b08000 r-xp 00000000 08:06 17975      /usr/lib/libXrender.so.1.3.0
90b08000-90b09000 r-xp 00007000 08:06 17975      /usr/lib/libXrender.so.1.3.0
90b09000-90b0a000 rwxp 00008000 08:06 17975      /usr/lib/libXrender.so.1.3.0
90b0a000-90b18000 r-xp 00000000 08:06 17953      /usr/lib/libXext.so.6.4.0
90b18000-90b19000 r-xp 0000d000 08:06 17953      /usr/lib/libXext.so.6.4.0
90b19000-90b1a000 rwxp 0000e000 08:06 17953      /usr/lib/libXext.so.6.4.0
90b1a000-90b20000 r-xs 0006e000 08:07 4007844    /home/ivan/NetBeansProjects/Jena-2.6.0/lib/wstx-asl-3.0.0.jar
90b20000-90b22000 r-xs 00005000 08:07 4007843    /home/ivan/NetBeansProjects/Jena-2.6.0/lib/stax-api-1.0.jar
90b22000-90b29000 r-xs 00051000 08:07 4007839    /home/ivan/NetBeansProjects/Jena-2.6.0/lib/log4j-1.2.12.jar
90b29000-90b2f000 r-xs 0002b000 08:07 4007838    /home/ivan/NetBeansProjects/Jena-2.6.0/lib/junit-4.5.jar
90b2f000-90b32000 ---p 00000000 00:00 0 
90b32000-90b80000 rwxp 00000000 00:00 0 
90b80000-90b83000 ---p 00000000 00:00 0 
90b83000-90c01000 rwxp 00000000 00:00 0 
90c01000-90c04000 ---p 00000000 00:00 0 
90c04000-90c82000 rwxp 00000000 00:00 0 
90c82000-90c85000 ---p 00000000 00:00 0 
90c85000-90cd3000 rwxp 00000000 00:00 0 
90cd3000-90cda000 r-xs 00000000 08:06 25881      /usr/lib/gconv/gconv-modules.cache
90cda000-90d19000 r-xp 00000000 08:06 50317      /usr/lib/locale/en_US.utf8/LC_CTYPE
90d19000-90d1c000 ---p 00000000 00:00 0 
90d1c000-90d6a000 rwxp 00000000 00:00 0 
90d6a000-90d6d000 ---p 00000000 00:00 0 
90d6d000-90dbb000 rwxp 00000000 00:00 0 
90dbb000-90dbc000 ---p 00000000 00:00 0 
90dbc000-90e70000 rwxp 00000000 00:00 0 
90e70000-91008000 r-xs 03027000 08:06 102402     /usr/lib/jvm/java-6-sun-1.6.0.24/jre/lib/rt.jar
91008000-91009000 ---p 00000000 00:00 0 
91009000-91089000 rwxp 00000000 00:00 0 
91089000-9108a000 ---p 00000000 00:00 0 
9108a000-91112000 rwxp 00000000 00:00 0 
91112000-9112a000 rwxp 00000000 00:00 0 
9112a000-91135000 rwxp 00000000 00:00 0 
91135000-911cc000 rwxp 00000000 00:00 0 
911cc000-911d4000 rwxp 00000000 00:00 0 
911d4000-911ec000 rwxp 00000000 00:00 0 
911ec000-911f7000 rwxp 00000000 00:00 0 
911f7000-9128e000 rwxp 00000000 00:00 0 
9128e000-91294000 rwxp 00000000 00:00 0 
91294000-912df000 rwxp 00000000 00:00 0 
912df000-922e0000 rwxp 00000000 00:00 0 
922e0000-952e0000 rwxp 00000000 00:00 0 
952e0000-96720000 rwxp 00000000 00:00 0 
96720000-a96e0000 rwxp 00000000 00:00 0 
a96e0000-aa100000 rwxp 00000000 00:00 0 
aa100000-b38e0000 rwxp 00000000 00:00 0 
b38e0000-b38e1000 r-xs 00002000 08:07 4007842    /home/ivan/NetBeansProjects/Jena-2.6.0/lib/slf4j-log4j12-1.5.6.jar
b38e1000-b38e5000 r-xs 00036000 08:07 4007831    /home/ivan/NetBeansProjects/Jena-2.6.0/lib/arq-extra.jar
b38e5000-b38e9000 r-xp 00000000 08:06 17951      /usr/lib/libXdmcp.so.6.0.0
b38e9000-b38ea000 rwxp 00003000 08:06 17951      /usr/lib/libXdmcp.so.6.0.0
b38ea000-b38f3000 rwxp 00000000 00:00 0 
b38f3000-b39aa000 rwxp 00000000 00:00 0 
b39aa000-b3bea000 rwxp 00000000 00:00 0 
b3bea000-b69aa000 rwxp 00000000 00:00 0 
b69aa000-b69b9000 r-xp 00000000 08:06 175195     /usr/lib/jvm/java-6-sun-1.6.0.24/jre/lib/i386/libzip.so
b69b9000-b69bb000 rwxp 0000e000 08:06 175195     /usr/lib/jvm/java-6-sun-1.6.0.24/jre/lib/i386/libzip.so
b69bb000-b69c5000 r-xp 00000000 08:06 862570     /lib/tls/i686/cmov/libnss_files-2.10.1.so
b69c5000-b69c6000 r-xp 00009000 08:06 862570     /lib/tls/i686/cmov/libnss_files-2.10.1.so
b69c6000-b69c7000 rwxp 0000a000 08:06 862570     /lib/tls/i686/cmov/libnss_files-2.10.1.so
b69c7000-b69d0000 r-xp 00000000 08:06 862573     /lib/tls/i686/cmov/libnss_nis-2.10.1.so
b69d0000-b69d1000 r-xp 00008000 08:06 862573     /lib/tls/i686/cmov/libnss_nis-2.10.1.so
b69d1000-b69d2000 rwxp 00009000 08:06 862573     /lib/tls/i686/cmov/libnss_nis-2.10.1.so
b69d2000-b69d8000 r-xp 00000000 08:06 862568     /lib/tls/i686/cmov/libnss_compat-2.10.1.so
b69d8000-b69d9000 r-xp 00005000 08:06 862568     /lib/tls/i686/cmov/libnss_compat-2.10.1.so
b69d9000-b69da000 rwxp 00006000 08:06 862568     /lib/tls/i686/cmov/libnss_compat-2.10.1.so
b69da000-b69ed000 r-xp 00000000 08:06 862567     /lib/tls/i686/cmov/libnsl-2.10.1.so
b69ed000-b69ee000 r-xp 00012000 08:06 862567     /lib/tls/i686/cmov/libnsl-2.10.1.so
b69ee000-b69ef000 rwxp 00013000 08:06 862567     /lib/tls/i686/cmov/libnsl-2.10.1.so
b69ef000-b69f1000 rwxp 00000000 00:00 0 
b69f1000-b69f3000 r-xs 00004000 08:07 4007841    /home/ivan/NetBeansProjects/Jena-2.6.0/lib/slf4j-api-1.5.6.jar
b69f3000-b69f4000 r-xs 00008000 08:07 4007837    /home/ivan/NetBeansProjects/Jena-2.6.0/lib/json.jar
b69f4000-b69f6000 r-xp 00000000 08:06 17940      /usr/lib/libXau.so.6.0.0
b69f6000-b69f7000 r-xp 00001000 08:06 17940      /usr/lib/libXau.so.6.0.0
b69f7000-b69f8000 rwxp 00002000 08:06 17940      /usr/lib/libXau.so.6.0.0
b69f8000-b69fc000 r-xp 00000000 08:06 17981      /usr/lib/libXtst.so.6.1.0
b69fc000-b69fd000 r-xp 00004000 08:06 17981      /usr/lib/libXtst.so.6.1.0
b69fd000-b69fe000 rwxp 00005000 08:06 17981      /usr/lib/libXtst.so.6.1.0
b69fe000-b6a06000 rwxs 00000000 08:06 423223     /tmp/hsperfdata_ivan/4022
b6a06000-b6a29000 r-xp 00000000 08:06 175190     /usr/lib/jvm/java-6-sun-1.6.0.24/jre/lib/i386/libjava.so
b6a29000-b6a2b000 rwxp 00023000 08:06 175190     /usr/lib/jvm/java-6-sun-1.6.0.24/jre/lib/i386/libjava.so
b6a2b000-b6a32000 r-xp 00000000 08:06 862578     /lib/tls/i686/cmov/librt-2.10.1.so
b6a32000-b6a33000 r-xp 00006000 08:06 862578     /lib/tls/i686/cmov/librt-2.10.1.so
b6a33000-b6a34000 rwxp 00007000 08:06 862578     /lib/tls/i686/cmov/librt-2.10.1.so
b6a34000-b6a37000 ---p 00000000 00:00 0 
b6a37000-b6a85000 rwxp 00000000 00:00 0 
b6a85000-b6aa9000 r-xp 00000000 08:06 862565     /lib/tls/i686/cmov/libm-2.10.1.so
b6aa9000-b6aaa000 r-xp 00023000 08:06 862565     /lib/tls/i686/cmov/libm-2.10.1.so
b6aaa000-b6aab000 rwxp 00024000 08:06 862565     /lib/tls/i686/cmov/libm-2.10.1.so
b6aab000-b7238000 r-xp 00000000 08:06 183067     /usr/lib/jvm/java-6-sun-1.6.0.24/jre/lib/i386/server/libjvm.so
b7238000-b728b000 rwxp 0078d000 08:06 183067     /usr/lib/jvm/java-6-sun-1.6.0.24/jre/lib/i386/server/libjvm.so
b728b000-b76aa000 rwxp 00000000 00:00 0 
b76aa000-b77e8000 r-xp 00000000 08:06 862559     /lib/tls/i686/cmov/libc-2.10.1.so
b77e8000-b77e9000 ---p 0013e000 08:06 862559     /lib/tls/i686/cmov/libc-2.10.1.so
b77e9000-b77eb000 r-xp 0013e000 08:06 862559     /lib/tls/i686/cmov/libc-2.10.1.so
b77eb000-b77ec000 rwxp 00140000 08:06 862559     /lib/tls/i686/cmov/libc-2.10.1.so
b77ec000-b77ef000 rwxp 00000000 00:00 0 
b77ef000-b77f1000 r-xp 00000000 08:06 862564     /lib/tls/i686/cmov/libdl-2.10.1.so
b77f1000-b77f2000 r-xp 00001000 08:06 862564     /lib/tls/i686/cmov/libdl-2.10.1.so
b77f2000-b77f3000 rwxp 00002000 08:06 862564     /lib/tls/i686/cmov/libdl-2.10.1.so
b77f3000-b77fa000 r-xp 00000000 08:06 175199     /usr/lib/jvm/java-6-sun-1.6.0.24/jre/lib/i386/jli/libjli.so
b77fa000-b77fc000 rwxp 00006000 08:06 175199     /usr/lib/jvm/java-6-sun-1.6.0.24/jre/lib/i386/jli/libjli.so
b77fc000-b77fd000 rwxp 00000000 00:00 0 
b77fd000-b7812000 r-xp 00000000 08:06 862576     /lib/tls/i686/cmov/libpthread-2.10.1.so
b7812000-b7813000 r-xp 00014000 08:06 862576     /lib/tls/i686/cmov/libpthread-2.10.1.so
b7813000-b7814000 rwxp 00015000 08:06 862576     /lib/tls/i686/cmov/libpthread-2.10.1.so
b7814000-b7816000 rwxp 00000000 00:00 0 
b7816000-b781c000 r-xp 00000000 08:06 183069     /usr/lib/jvm/java-6-sun-1.6.0.24/jre/lib/i386/native_threads/libhpi.so
b781c000-b781d000 rwxp 00006000 08:06 183069     /usr/lib/jvm/java-6-sun-1.6.0.24/jre/lib/i386/native_threads/libhpi.so
b781d000-b781e000 rwxp 00000000 00:00 0 
b781e000-b781f000 r-xp 00000000 00:00 0 
b781f000-b782a000 r-xp 00000000 08:06 175227     /usr/lib/jvm/java-6-sun-1.6.0.24/jre/lib/i386/libverify.so
b782a000-b782b000 rwxp 0000b000 08:06 175227     /usr/lib/jvm/java-6-sun-1.6.0.24/jre/lib/i386/libverify.so
b782b000-b782d000 rwxp 00000000 00:00 0 
b782d000-b782e000 r-xp 00000000 00:00 0          [vdso]
b782e000-b7849000 r-xp 00000000 08:06 837838     /lib/ld-2.10.1.so
b7849000-b784a000 r-xp 0001a000 08:06 837838     /lib/ld-2.10.1.so
b784a000-b784b000 rwxp 0001b000 08:06 837838     /lib/ld-2.10.1.so
bfd19000-bfd2e000 rwxp 00000000 00:00 0          [stack]

VM Arguments:
jvm_args: -Djava.security.policy=applet.policy 
java_command: sun.applet.AppletViewer file:/home/ivan/NetBeansProjects/Service_Applet_v05_8/build/JAppletService.html
Launcher Type: SUN_STANDARD

Environment Variables:
PATH=/usr/local/sbin:/usr/local/bin:/usr/sbin:/usr/bin:/sbin:/bin:/usr/games
USERNAME=ivan
LD_LIBRARY_PATH=/usr/lib/jvm/java-6-sun-1.6.0.24/jre/lib/i386/server:/usr/lib/jvm/java-6-sun-1.6.0.24/jre/lib/i386:/usr/lib/jvm/java-6-sun-1.6.0.24/jre/../lib/i386:/usr/lib/jvm/java-6-sun-1.6.0.24/jre/lib/i386/client:/usr/lib/jvm/java-6-sun-1.6.0.24/jre/lib/i386:/usr/lib/jvm/java-6-sun-1.6.0.24/jre/../lib/i386
SHELL=/bin/bash
DISPLAY=:0.0

Signal Handlers:
SIGSEGV: [libjvm.so+0x708f80], sa_mask[0]=0x7ffbfeff, sa_flags=0x10000004
SIGBUS: [libjvm.so+0x708f80], sa_mask[0]=0x7ffbfeff, sa_flags=0x10000004
SIGFPE: [libjvm.so+0x5c4100], sa_mask[0]=0x7ffbfeff, sa_flags=0x10000004
SIGPIPE: [libjvm.so+0x5c4100], sa_mask[0]=0x7ffbfeff, sa_flags=0x10000004
SIGXFSZ: [libjvm.so+0x5c4100], sa_mask[0]=0x7ffbfeff, sa_flags=0x10000004
SIGILL: [libjvm.so+0x5c4100], sa_mask[0]=0x7ffbfeff, sa_flags=0x10000004
SIGUSR1: SIG_DFL, sa_mask[0]=0x00000000, sa_flags=0x00000000
SIGUSR2: [libjvm.so+0x5c70e0], sa_mask[0]=0x00000004, sa_flags=0x10000004
SIGHUP: [libjvm.so+0x5c6cc0], sa_mask[0]=0x7ffbfeff, sa_flags=0x10000004
SIGINT: SIG_IGN, sa_mask[0]=0x00000000, sa_flags=0x00000000
SIGTERM: [libjvm.so+0x5c6cc0], sa_mask[0]=0x7ffbfeff, sa_flags=0x10000004
SIGQUIT: [libjvm.so+0x5c6cc0], sa_mask[0]=0x7ffbfeff, sa_flags=0x10000004


---------------  S Y S T E M  ---------------

OS:squeeze/sid

uname:Linux 2.6.31-23-generic #75-Ubuntu SMP Fri Mar 18 18:08:39 UTC 2011 i686
libc:glibc 2.10.1 NPTL 2.10.1 
rlimit: STACK 8192k, CORE 0k, NPROC infinity, NOFILE 1024, AS infinity
load average:3.23 2.08 1.16

/proc/meminfo:
MemTotal:        1989504 kB
MemFree:          260644 kB
Buffers:          125588 kB
Cached:           800888 kB
SwapCached:            0 kB
Active:          1081748 kB
Inactive:         568736 kB
Active(anon):     881036 kB
Inactive(anon):       16 kB
Active(file):     200712 kB
Inactive(file):   568720 kB
Unevictable:           0 kB
Mlocked:               0 kB
HighTotal:       1114784 kB
HighFree:           1612 kB
LowTotal:         874720 kB
LowFree:          259032 kB
SwapTotal:       3140696 kB
SwapFree:        3140696 kB
Dirty:             12296 kB
Writeback:             0 kB
AnonPages:        724108 kB
Mapped:           140680 kB
Slab:              50200 kB
SReclaimable:      35808 kB
SUnreclaim:        14392 kB
PageTables:         8008 kB
NFS_Unstable:          0 kB
Bounce:                0 kB
WritebackTmp:          0 kB
CommitLimit:     4135448 kB
Committed_AS:    2301688 kB
VmallocTotal:     122880 kB
VmallocUsed:       18000 kB
VmallocChunk:      99780 kB
HugePages_Total:       0
HugePages_Free:        0
HugePages_Rsvd:        0
HugePages_Surp:        0
Hugepagesize:       4096 kB
DirectMap4k:       16376 kB
DirectMap4M:      892928 kB


CPU:total 2 (2 cores per cpu, 1 threads per core) family 6 model 23 stepping 10, cmov, cx8, fxsr, mmx, sse, sse2, sse3, ssse3, sse4.1

Memory: 4k page, physical 1989504k(260644k free), swap 3140696k(3140696k free)

vm_info: Java HotSpot(TM) Server VM (19.1-b02) for linux-x86 JRE (1.6.0_24-b07), built on Feb  2 2011 16:51:52 by "java_re" with gcc 3.2.1-7a (J2SE release)

time: Wed Sep 21 11:40:53 2011
elapsed time: 0 seconds

