#
# A fatal error has been detected by the Java Runtime Environment:
#
#  SIGSEGV (0xb) at pc=0x906c1fce, pid=3957, tid=3064294256
#
# JRE version: 6.0_24-b07
# Java VM: Java HotSpot(TM) Server VM (19.1-b02 mixed mode linux-x86 )
# Problematic frame:
# C  [libmawt.so+0x92fce]  Java_sun_awt_motif_X11FontMetrics_init+0x1ce
#
# If you would like to submit a bug report, please visit:
#   http://java.sun.com/webapps/bugreport/crash.jsp
# The crash happened outside the Java Virtual Machine in native code.
# See problematic frame for where to report the bug.
#

---------------  T H R E A D  ---------------

Current thread (0x09af4000):  JavaThread "main" [_thread_in_native, id=3958, stack(0xb6a06000,0xb6a57000)]

siginfo:si_signo=SIGSEGV: si_errno=0, si_code=1 (SEGV_MAPERR), si_addr=0x0000004c

Registers:
EAX=0x00000062, EBX=0x908c9160, ECX=0xb7249840, EDX=0x00000000
ESP=0xb6a55770, EBP=0xb6a55bc8, ESI=0x9039b2e0, EDI=0xb6a55c14
EIP=0x906c1fce, CR2=0x0000004c, EFLAGS=0x00010246

Register to memory mapping:

EAX=0x00000062
0x00000062 is pointing to unknown location

EBX=0x908c9160
0x908c9160: <offset 0x29a160> in /usr/lib/jvm/java-6-sun-1.6.0.24/jre/lib/i386/motif21/libmawt.so at 0x9062f000

ECX=0xb7249840
0xb7249840: <offset 0x7cc840> in /usr/lib/jvm/java-6-sun-1.6.0.24/jre/lib/i386/server/libjvm.so at 0xb6a7d000

EDX=0x00000000
0x00000000 is pointing to unknown location

ESP=0xb6a55770
0xb6a55770 is pointing into the stack for thread: 0x09af4000
"main" prio=10 tid=0x09af4000 nid=0xf76 runnable [0xb6a55000]
   java.lang.Thread.State: RUNNABLE

EBP=0xb6a55bc8
0xb6a55bc8 is pointing into the stack for thread: 0x09af4000
"main" prio=10 tid=0x09af4000 nid=0xf76 runnable [0xb6a55000]
   java.lang.Thread.State: RUNNABLE

ESI=0x9039b2e0
0x9039b2e0 is pointing to unknown location

EDI=0xb6a55c14
0xb6a55c14 is pointing into the stack for thread: 0x09af4000
"main" prio=10 tid=0x09af4000 nid=0xf76 runnable [0xb6a55000]
   java.lang.Thread.State: RUNNABLE


Top of Stack: (sp=0xb6a55770)
0xb6a55770:   09af4118 b6a55c14 00000062 00000001
0xb6a55780:   b6d26286 a96f2990 b6a55788 00000000
0xb6a55790:   b6a557bc 913c6538 00000000 913c5f60
0xb6a557a0:   00000000 b6a557b8 9039b2e0 00000000
0xb6a557b0:   00000000 a96b0f90 906c1e00 ffffffff
0xb6a557c0:   00000001 00000000 b6a557c0 912cf020
0xb6a557d0:   b6eaa4b4 91324958 00000000 912cf048
0xb6a557e0:   00000000 b6a55810 b6a5582c b397c3e6 

Instructions: (pc=0x906c1fce)
0x906c1fbe:   8b 0a 89 7c 24 04 89 14 24 89 44 24 08 8b 56 0c
0x906c1fce:   8b 42 4c 03 42 48 40 89 44 24 0c ff 91 b4 01 00 

Stack: [0xb6a06000,0xb6a57000],  sp=0xb6a55770,  free space=317k
Native frames: (J=compiled Java code, j=interpreted, Vv=VM code, C=native code)
C  [libmawt.so+0x92fce]  Java_sun_awt_motif_X11FontMetrics_init+0x1ce
j  sun.awt.motif.X11FontMetrics.init()V+0
j  sun.awt.motif.X11FontMetrics.<init>(Ljava/awt/Font;)V+6
j  sun.awt.motif.X11FontMetrics.getFontMetrics(Ljava/awt/Font;)Ljava/awt/FontMetrics;+24
j  sun.awt.motif.MComponentPeer.getFontMetrics(Ljava/awt/Font;)Ljava/awt/FontMetrics;+1
j  sun.awt.motif.MLabelPeer.getMinimumSize()Ljava/awt/Dimension;+8
j  sun.awt.motif.MComponentPeer.getPreferredSize()Ljava/awt/Dimension;+1
j  sun.awt.motif.MComponentPeer.preferredSize()Ljava/awt/Dimension;+1
j  java.awt.Component.preferredSize()Ljava/awt/Dimension;+42
j  java.awt.Component.getPreferredSize()Ljava/awt/Dimension;+1
j  java.awt.BorderLayout.preferredLayoutSize(Ljava/awt/Container;)Ljava/awt/Dimension;+264
j  java.awt.Container.preferredSize()Ljava/awt/Dimension;+43
j  java.awt.Container.getPreferredSize()Ljava/awt/Dimension;+1
j  java.awt.Window.pack()V+32
j  sun.applet.AppletViewer.<init>(IILjava/net/URL;Ljava/util/Hashtable;Ljava/io/PrintStream;Lsun/applet/AppletViewerFactory;)V+340
j  sun.applet.StdAppletViewerFactory.createAppletViewer(IILjava/net/URL;Ljava/util/Hashtable;)Lsun/applet/AppletViewer;+13
j  sun.applet.AppletViewer.parse(Ljava/net/URL;Ljava/io/PrintStream;Lsun/applet/AppletViewerFactory;)V+308
j  sun.applet.AppletViewer.parse(Ljava/net/URL;Ljava/lang/String;)V+15
j  sun.applet.Main.run([Ljava/lang/String;)I+159
j  sun.applet.Main.main([Ljava/lang/String;)V+10
j  sun.applet.AppletViewer.main([Ljava/lang/String;)V+1
v  ~StubRoutines::call_stub
V  [libjvm.so+0x3cfb21]
V  [libjvm.so+0x5c5478]
V  [libjvm.so+0x3cf94f]
V  [libjvm.so+0x402ca4]
V  [libjvm.so+0x3f2b4c]
C  [java+0x1b98]  JavaMain+0x2c8
C  [libpthread.so.0+0x580e]

Java frames: (J=compiled Java code, j=interpreted, Vv=VM code)
j  sun.awt.motif.X11FontMetrics.init()V+0
j  sun.awt.motif.X11FontMetrics.<init>(Ljava/awt/Font;)V+6
j  sun.awt.motif.X11FontMetrics.getFontMetrics(Ljava/awt/Font;)Ljava/awt/FontMetrics;+24
j  sun.awt.motif.MComponentPeer.getFontMetrics(Ljava/awt/Font;)Ljava/awt/FontMetrics;+1
j  sun.awt.motif.MLabelPeer.getMinimumSize()Ljava/awt/Dimension;+8
j  sun.awt.motif.MComponentPeer.getPreferredSize()Ljava/awt/Dimension;+1
j  sun.awt.motif.MComponentPeer.preferredSize()Ljava/awt/Dimension;+1
j  java.awt.Component.preferredSize()Ljava/awt/Dimension;+42
j  java.awt.Component.getPreferredSize()Ljava/awt/Dimension;+1
j  java.awt.BorderLayout.preferredLayoutSize(Ljava/awt/Container;)Ljava/awt/Dimension;+264
j  java.awt.Container.preferredSize()Ljava/awt/Dimension;+43
j  java.awt.Container.getPreferredSize()Ljava/awt/Dimension;+1
j  java.awt.Window.pack()V+32
j  sun.applet.AppletViewer.<init>(IILjava/net/URL;Ljava/util/Hashtable;Ljava/io/PrintStream;Lsun/applet/AppletViewerFactory;)V+340
j  sun.applet.StdAppletViewerFactory.createAppletViewer(IILjava/net/URL;Ljava/util/Hashtable;)Lsun/applet/AppletViewer;+13
j  sun.applet.AppletViewer.parse(Ljava/net/URL;Ljava/io/PrintStream;Lsun/applet/AppletViewerFactory;)V+308
j  sun.applet.AppletViewer.parse(Ljava/net/URL;Ljava/lang/String;)V+15
j  sun.applet.Main.run([Ljava/lang/String;)I+159
j  sun.applet.Main.main([Ljava/lang/String;)V+10
j  sun.applet.AppletViewer.main([Ljava/lang/String;)V+1
v  ~StubRoutines::call_stub

---------------  P R O C E S S  ---------------

Java Threads: ( => current thread )
  0x9036b400 JavaThread "thread applet-service_applet_v01/JAppletService.class" [_thread_blocked, id=3976, stack(0x90086000,0x900d7000)]
  0x90364000 JavaThread "AWT-Motif" daemon [_thread_in_native, id=3974, stack(0x90155000,0x901a6000)]
  0x90362000 JavaThread "AWT-Shutdown" [_thread_blocked, id=3973, stack(0x901a6000,0x901f7000)]
  0x90322000 JavaThread "Java2D Disposer" daemon [_thread_blocked, id=3972, stack(0x90227000,0x90278000)]
  0x90b04400 JavaThread "Low Memory Detector" daemon [_thread_blocked, id=3970, stack(0x90c01000,0x90c52000)]
  0x90b02800 JavaThread "CompilerThread1" daemon [_thread_blocked, id=3969, stack(0x909fe000,0x90a7f000)]
  0x90b00800 JavaThread "CompilerThread0" daemon [_thread_blocked, id=3968, stack(0x90a7f000,0x90b00000)]
  0x09b87400 JavaThread "Signal Dispatcher" daemon [_thread_blocked, id=3967, stack(0x90c52000,0x90ca3000)]
  0x09b74c00 JavaThread "Finalizer" daemon [_thread_blocked, id=3966, stack(0x90ce9000,0x90d3a000)]
  0x09b73400 JavaThread "Reference Handler" daemon [_thread_blocked, id=3965, stack(0x90d3a000,0x90d8b000)]
=>0x09af4000 JavaThread "main" [_thread_in_native, id=3958, stack(0xb6a06000,0xb6a57000)]

Other Threads:
  0x09b6f800 VMThread [stack: 0x90d8b000,0x90e0c000] [id=3964]
  0x90b0e400 WatcherThread [stack: 0x9097d000,0x909fe000] [id=3971]

VM state:not at safepoint (normal execution)

VM Mutex/Monitor currently owned by a thread: None

Heap
 PSYoungGen      total 9088K, used 3329K [0xa96b0000, 0xaa0d0000, 0xb38b0000)
  eden space 7808K, 42% used [0xa96b0000,0xa99f0770,0xa9e50000)
  from space 1280K, 0% used [0xa9f90000,0xa9f90000,0xaa0d0000)
  to   space 1280K, 0% used [0xa9e50000,0xa9e50000,0xa9f90000)
 PSOldGen        total 20736K, used 0K [0x952b0000, 0x966f0000, 0xa96b0000)
  object space 20736K, 0% used [0x952b0000,0x952b0000,0x966f0000)
 PSPermGen       total 16384K, used 4800K [0x912b0000, 0x922b0000, 0x952b0000)
  object space 16384K, 29% used [0x912b0000,0x917600d0,0x922b0000)

Dynamic libraries:
08048000-08052000 r-xp 00000000 08:06 164271     /usr/lib/jvm/java-6-sun-1.6.0.24/jre/bin/java
08052000-08053000 rwxp 00009000 08:06 164271     /usr/lib/jvm/java-6-sun-1.6.0.24/jre/bin/java
09aed000-09e5b000 rwxp 00000000 00:00 0          [heap]
8fe0d000-8fece000 rwxp 00000000 00:00 0 
8ff8f000-90050000 rwxp 00000000 00:00 0 
90086000-90089000 ---p 00000000 00:00 0 
90089000-90111000 rwxp 00000000 00:00 0 
90111000-90112000 r-xs 00000000 08:06 933958     /var/cache/fontconfig/c05880de57d1f5e948fdfacc138775d9-x86.cache-2
90112000-90118000 r-xs 00000000 08:06 933955     /var/cache/fontconfig/945677eb7aeaf62f1d50efc3fb3ec7d8-x86.cache-2
90118000-9011a000 r-xs 00000000 08:06 933956     /var/cache/fontconfig/99e8ed0e538f840c565b6ed5dad60d56-x86.cache-2
9011a000-9011c000 r-xs 00000000 08:06 933966     /var/cache/fontconfig/f24b2111ab8703b4e963115a8cf14259-x86.cache-2
9011c000-9011f000 r-xs 00000000 08:06 933964     /var/cache/fontconfig/e383d7ea5fbe662a33d9b44caf393297-x86.cache-2
9011f000-90123000 r-xs 00000000 08:06 934376     /var/cache/fontconfig/926e794c3d5e5dffcaf2fa83ef8d36c2-x86.cache-2
90123000-90124000 r-xs 00000000 08:06 933950     /var/cache/fontconfig/4c73fe0c47614734b17d736dbde7580a-x86.cache-2
90124000-90128000 r-xs 00000000 08:06 933943     /var/cache/fontconfig/062808c12e6e608270f93bb230aed730-x86.cache-2
90128000-9012b000 r-xs 00000000 08:06 933957     /var/cache/fontconfig/a755afe4a08bf5b97852ceb7400b47bc-x86.cache-2
9012b000-90132000 r-xs 00000000 08:06 941052     /var/cache/fontconfig/6d41288fd70b0be22e8c3a91e032eec0-x86.cache-2
90132000-9013d000 r-xs 00000000 08:06 933944     /var/cache/fontconfig/0f34bcd4b6ee430af32735b75db7f02b-x86.cache-2
9013d000-9013e000 r-xs 00000000 08:06 934440     /var/cache/fontconfig/4794a0821666d79190d59a36cb4f44b5-x86.cache-2
9013e000-90140000 r-xs 00000000 08:06 933946     /var/cache/fontconfig/2c5ba8142dffc8bf0377700342b8ca1a-x86.cache-2
90140000-90148000 r-xs 00000000 08:06 933961     /var/cache/fontconfig/d52a8644073d54c13679302ca1180695-x86.cache-2
90155000-90158000 ---p 00000000 00:00 0 
90158000-901a6000 rwxp 00000000 00:00 0 
901a6000-901a9000 ---p 00000000 00:00 0 
901a9000-901f7000 rwxp 00000000 00:00 0 
901f7000-901fb000 r-xp 00000000 08:06 17955      /usr/lib/libXfixes.so.3.1.0
901fb000-901fc000 r-xp 00003000 08:06 17955      /usr/lib/libXfixes.so.3.1.0
901fc000-901fd000 rwxp 00004000 08:06 17955      /usr/lib/libXfixes.so.3.1.0
901fd000-90205000 r-xp 00000000 08:06 17975      /usr/lib/libXrender.so.1.3.0
90205000-90206000 r-xp 00007000 08:06 17975      /usr/lib/libXrender.so.1.3.0
90206000-90207000 rwxp 00008000 08:06 17975      /usr/lib/libXrender.so.1.3.0
90207000-90210000 r-xp 00000000 08:06 17947      /usr/lib/libXcursor.so.1.0.2
90210000-90211000 r-xp 00008000 08:06 17947      /usr/lib/libXcursor.so.1.0.2
90211000-90212000 rwxp 00009000 08:06 17947      /usr/lib/libXcursor.so.1.0.2
90227000-9022a000 ---p 00000000 00:00 0 
9022a000-90278000 rwxp 00000000 00:00 0 
90278000-902f1000 r-xp 00000000 08:06 176193     /usr/lib/jvm/java-6-sun-1.6.0.24/jre/lib/i386/libfontmanager.so
902f1000-902fb000 rwxp 00078000 08:06 176193     /usr/lib/jvm/java-6-sun-1.6.0.24/jre/lib/i386/libfontmanager.so
902fb000-90300000 rwxp 00000000 00:00 0 
90300000-903ac000 rwxp 00000000 00:00 0 
903ac000-90400000 ---p 00000000 00:00 0 
90401000-9040f000 r-xs 00000000 08:06 935582     /var/cache/fontconfig/e13b20fdb08344e0e664864cc2ede53d-x86.cache-2
9040f000-90411000 r-xs 00000000 08:06 935583     /var/cache/fontconfig/7ef2298fde41cc6eeb7af42e48b7d293-x86.cache-2
90411000-9041f000 r-xs 00000000 08:06 941042     /var/cache/fontconfig/865f88548240fee46819705c6468c165-x86.cache-2
9041f000-90435000 r-xs 00110000 08:07 4007845    /home/ivan/NetBeansProjects/Jena-2.6.0/lib/xercesImpl.jar
90435000-9043b000 r-xs 0006e000 08:07 4007844    /home/ivan/NetBeansProjects/Jena-2.6.0/lib/wstx-asl-3.0.0.jar
9043b000-9043d000 r-xs 00005000 08:07 4007843    /home/ivan/NetBeansProjects/Jena-2.6.0/lib/stax-api-1.0.jar
9043d000-90449000 r-xs 00097000 08:07 4007840    /home/ivan/NetBeansProjects/Jena-2.6.0/lib/lucene-core-2.3.1.jar
90449000-90461000 r-xs 00133000 08:07 4007836    /home/ivan/NetBeansProjects/Jena-2.6.0/lib/jenatest.jar
90461000-90486000 r-xs 001c2000 08:07 4007835    /home/ivan/NetBeansProjects/Jena-2.6.0/lib/jena.jar
90486000-9049e000 r-xs 002e9000 08:07 4007833    /home/ivan/NetBeansProjects/Jena-2.6.0/lib/icu4j_3_4.jar
9049e000-904b8000 r-xs 0012e000 08:07 4007832    /home/ivan/NetBeansProjects/Jena-2.6.0/lib/arq.jar
904b8000-904bc000 r-xp 00000000 08:06 17951      /usr/lib/libXdmcp.so.6.0.0
904bc000-904bd000 rwxp 00003000 08:06 17951      /usr/lib/libXdmcp.so.6.0.0
904bd000-904d9000 r-xp 00000000 08:06 18972      /usr/lib/libxcb.so.1.1.0
904d9000-904da000 r-xp 0001c000 08:06 18972      /usr/lib/libxcb.so.1.1.0
904da000-904db000 rwxp 0001d000 08:06 18972      /usr/lib/libxcb.so.1.1.0
904db000-90605000 r-xp 00000000 08:06 17934      /usr/lib/libX11.so.6.2.0
90605000-90606000 ---p 0012a000 08:06 17934      /usr/lib/libX11.so.6.2.0
90606000-90607000 r-xp 0012a000 08:06 17934      /usr/lib/libX11.so.6.2.0
90607000-90609000 rwxp 0012b000 08:06 17934      /usr/lib/libX11.so.6.2.0
90609000-9060a000 rwxp 00000000 00:00 0 
9060a000-90618000 r-xp 00000000 08:06 17953      /usr/lib/libXext.so.6.4.0
90618000-90619000 r-xp 0000d000 08:06 17953      /usr/lib/libXext.so.6.4.0
90619000-9061a000 rwxp 0000e000 08:06 17953      /usr/lib/libXext.so.6.4.0
9061b000-9061c000 r-xs 00002000 08:07 4007842    /home/ivan/NetBeansProjects/Jena-2.6.0/lib/slf4j-log4j12-1.5.6.jar
9061c000-9061e000 r-xs 00004000 08:07 4007841    /home/ivan/NetBeansProjects/Jena-2.6.0/lib/slf4j-api-1.5.6.jar
9061e000-90625000 r-xs 00051000 08:07 4007839    /home/ivan/NetBeansProjects/Jena-2.6.0/lib/log4j-1.2.12.jar
90625000-9062b000 r-xs 0002b000 08:07 4007838    /home/ivan/NetBeansProjects/Jena-2.6.0/lib/junit-4.5.jar
9062b000-9062f000 r-xs 00036000 08:07 4007831    /home/ivan/NetBeansProjects/Jena-2.6.0/lib/arq-extra.jar
9062f000-908b8000 r-xp 00000000 08:06 183911     /usr/lib/jvm/java-6-sun-1.6.0.24/jre/lib/i386/motif21/libmawt.so
908b8000-908ca000 rwxp 00288000 08:06 183911     /usr/lib/jvm/java-6-sun-1.6.0.24/jre/lib/i386/motif21/libmawt.so
908ca000-908ce000 rwxp 00000000 00:00 0 
908ce000-90952000 r-xp 00000000 08:06 175193     /usr/lib/jvm/java-6-sun-1.6.0.24/jre/lib/i386/libawt.so
90952000-90959000 rwxp 00084000 08:06 175193     /usr/lib/jvm/java-6-sun-1.6.0.24/jre/lib/i386/libawt.so
90959000-9097d000 rwxp 00000000 00:00 0 
9097d000-9097e000 ---p 00000000 00:00 0 
9097e000-909fe000 rwxp 00000000 00:00 0 
909fe000-90a01000 ---p 00000000 00:00 0 
90a01000-90a7f000 rwxp 00000000 00:00 0 
90a7f000-90a82000 ---p 00000000 00:00 0 
90a82000-90b00000 rwxp 00000000 00:00 0 
90b00000-90c00000 rwxp 00000000 00:00 0 
90c01000-90c04000 ---p 00000000 00:00 0 
90c04000-90c52000 rwxp 00000000 00:00 0 
90c52000-90c55000 ---p 00000000 00:00 0 
90c55000-90ca3000 rwxp 00000000 00:00 0 
90ca3000-90caa000 r-xs 00000000 08:06 25881      /usr/lib/gconv/gconv-modules.cache
90caa000-90ce9000 r-xp 00000000 08:06 50317      /usr/lib/locale/en_US.utf8/LC_CTYPE
90ce9000-90cec000 ---p 00000000 00:00 0 
90cec000-90d3a000 rwxp 00000000 00:00 0 
90d3a000-90d3d000 ---p 00000000 00:00 0 
90d3d000-90d8b000 rwxp 00000000 00:00 0 
90d8b000-90d8c000 ---p 00000000 00:00 0 
90d8c000-90e40000 rwxp 00000000 00:00 0 
90e40000-90fd8000 r-xs 03027000 08:06 102402     /usr/lib/jvm/java-6-sun-1.6.0.24/jre/lib/rt.jar
90fd8000-90fd9000 ---p 00000000 00:00 0 
90fd9000-91059000 rwxp 00000000 00:00 0 
91059000-9105a000 ---p 00000000 00:00 0 
9105a000-910e2000 rwxp 00000000 00:00 0 
910e2000-910fa000 rwxp 00000000 00:00 0 
910fa000-91105000 rwxp 00000000 00:00 0 
91105000-9119c000 rwxp 00000000 00:00 0 
9119c000-911a4000 rwxp 00000000 00:00 0 
911a4000-911bc000 rwxp 00000000 00:00 0 
911bc000-911c7000 rwxp 00000000 00:00 0 
911c7000-9125e000 rwxp 00000000 00:00 0 
9125e000-91264000 rwxp 00000000 00:00 0 
91264000-912af000 rwxp 00000000 00:00 0 
912af000-922b0000 rwxp 00000000 00:00 0 
922b0000-952b0000 rwxp 00000000 00:00 0 
952b0000-966f0000 rwxp 00000000 00:00 0 
966f0000-a96b0000 rwxp 00000000 00:00 0 
a96b0000-aa0d0000 rwxp 00000000 00:00 0 
aa0d0000-b38b0000 rwxp 00000000 00:00 0 
b38b0000-b38b1000 r-xs 00008000 08:07 4007837    /home/ivan/NetBeansProjects/Jena-2.6.0/lib/json.jar
b38b1000-b38ba000 r-xp 00000000 08:06 17961      /usr/lib/libXi.so.6.0.0
b38ba000-b38bb000 r-xp 00008000 08:06 17961      /usr/lib/libXi.so.6.0.0
b38bb000-b38bc000 rwxp 00009000 08:06 17961      /usr/lib/libXi.so.6.0.0
b38bc000-b38c5000 rwxp 00000000 00:00 0 
b38c5000-b397c000 rwxp 00000000 00:00 0 
b397c000-b3bbc000 rwxp 00000000 00:00 0 
b3bbc000-b697c000 rwxp 00000000 00:00 0 
b697c000-b698b000 r-xp 00000000 08:06 175195     /usr/lib/jvm/java-6-sun-1.6.0.24/jre/lib/i386/libzip.so
b698b000-b698d000 rwxp 0000e000 08:06 175195     /usr/lib/jvm/java-6-sun-1.6.0.24/jre/lib/i386/libzip.so
b698d000-b6997000 r-xp 00000000 08:06 862570     /lib/tls/i686/cmov/libnss_files-2.10.1.so
b6997000-b6998000 r-xp 00009000 08:06 862570     /lib/tls/i686/cmov/libnss_files-2.10.1.so
b6998000-b6999000 rwxp 0000a000 08:06 862570     /lib/tls/i686/cmov/libnss_files-2.10.1.so
b6999000-b69a2000 r-xp 00000000 08:06 862573     /lib/tls/i686/cmov/libnss_nis-2.10.1.so
b69a2000-b69a3000 r-xp 00008000 08:06 862573     /lib/tls/i686/cmov/libnss_nis-2.10.1.so
b69a3000-b69a4000 rwxp 00009000 08:06 862573     /lib/tls/i686/cmov/libnss_nis-2.10.1.so
b69a4000-b69aa000 r-xp 00000000 08:06 862568     /lib/tls/i686/cmov/libnss_compat-2.10.1.so
b69aa000-b69ab000 r-xp 00005000 08:06 862568     /lib/tls/i686/cmov/libnss_compat-2.10.1.so
b69ab000-b69ac000 rwxp 00006000 08:06 862568     /lib/tls/i686/cmov/libnss_compat-2.10.1.so
b69ac000-b69bf000 r-xp 00000000 08:06 862567     /lib/tls/i686/cmov/libnsl-2.10.1.so
b69bf000-b69c0000 r-xp 00012000 08:06 862567     /lib/tls/i686/cmov/libnsl-2.10.1.so
b69c0000-b69c1000 rwxp 00013000 08:06 862567     /lib/tls/i686/cmov/libnsl-2.10.1.so
b69c1000-b69c3000 rwxp 00000000 00:00 0 
b69c3000-b69c6000 r-xs 0001e000 08:07 4007834    /home/ivan/NetBeansProjects/Jena-2.6.0/lib/iri.jar
b69c6000-b69c8000 r-xp 00000000 08:06 17940      /usr/lib/libXau.so.6.0.0
b69c8000-b69c9000 r-xp 00001000 08:06 17940      /usr/lib/libXau.so.6.0.0
b69c9000-b69ca000 rwxp 00002000 08:06 17940      /usr/lib/libXau.so.6.0.0
b69ca000-b69ce000 r-xp 00000000 08:06 17981      /usr/lib/libXtst.so.6.1.0
b69ce000-b69cf000 r-xp 00004000 08:06 17981      /usr/lib/libXtst.so.6.1.0
b69cf000-b69d0000 rwxp 00005000 08:06 17981      /usr/lib/libXtst.so.6.1.0
b69d0000-b69d8000 rwxs 00000000 08:06 423223     /tmp/hsperfdata_ivan/3957
b69d8000-b69fb000 r-xp 00000000 08:06 175190     /usr/lib/jvm/java-6-sun-1.6.0.24/jre/lib/i386/libjava.so
b69fb000-b69fd000 rwxp 00023000 08:06 175190     /usr/lib/jvm/java-6-sun-1.6.0.24/jre/lib/i386/libjava.so
b69fd000-b6a04000 r-xp 00000000 08:06 862578     /lib/tls/i686/cmov/librt-2.10.1.so
b6a04000-b6a05000 r-xp 00006000 08:06 862578     /lib/tls/i686/cmov/librt-2.10.1.so
b6a05000-b6a06000 rwxp 00007000 08:06 862578     /lib/tls/i686/cmov/librt-2.10.1.so
b6a06000-b6a09000 ---p 00000000 00:00 0 
b6a09000-b6a57000 rwxp 00000000 00:00 0 
b6a57000-b6a7b000 r-xp 00000000 08:06 862565     /lib/tls/i686/cmov/libm-2.10.1.so
b6a7b000-b6a7c000 r-xp 00023000 08:06 862565     /lib/tls/i686/cmov/libm-2.10.1.so
b6a7c000-b6a7d000 rwxp 00024000 08:06 862565     /lib/tls/i686/cmov/libm-2.10.1.so
b6a7d000-b720a000 r-xp 00000000 08:06 183067     /usr/lib/jvm/java-6-sun-1.6.0.24/jre/lib/i386/server/libjvm.so
b720a000-b725d000 rwxp 0078d000 08:06 183067     /usr/lib/jvm/java-6-sun-1.6.0.24/jre/lib/i386/server/libjvm.so
b725d000-b767c000 rwxp 00000000 00:00 0 
b767c000-b77ba000 r-xp 00000000 08:06 862559     /lib/tls/i686/cmov/libc-2.10.1.so
b77ba000-b77bb000 ---p 0013e000 08:06 862559     /lib/tls/i686/cmov/libc-2.10.1.so
b77bb000-b77bd000 r-xp 0013e000 08:06 862559     /lib/tls/i686/cmov/libc-2.10.1.so
b77bd000-b77be000 rwxp 00140000 08:06 862559     /lib/tls/i686/cmov/libc-2.10.1.so
b77be000-b77c1000 rwxp 00000000 00:00 0 
b77c1000-b77c3000 r-xp 00000000 08:06 862564     /lib/tls/i686/cmov/libdl-2.10.1.so
b77c3000-b77c4000 r-xp 00001000 08:06 862564     /lib/tls/i686/cmov/libdl-2.10.1.so
b77c4000-b77c5000 rwxp 00002000 08:06 862564     /lib/tls/i686/cmov/libdl-2.10.1.so
b77c5000-b77cc000 r-xp 00000000 08:06 175199     /usr/lib/jvm/java-6-sun-1.6.0.24/jre/lib/i386/jli/libjli.so
b77cc000-b77ce000 rwxp 00006000 08:06 175199     /usr/lib/jvm/java-6-sun-1.6.0.24/jre/lib/i386/jli/libjli.so
b77ce000-b77cf000 rwxp 00000000 00:00 0 
b77cf000-b77e4000 r-xp 00000000 08:06 862576     /lib/tls/i686/cmov/libpthread-2.10.1.so
b77e4000-b77e5000 r-xp 00014000 08:06 862576     /lib/tls/i686/cmov/libpthread-2.10.1.so
b77e5000-b77e6000 rwxp 00015000 08:06 862576     /lib/tls/i686/cmov/libpthread-2.10.1.so
b77e6000-b77e8000 rwxp 00000000 00:00 0 
b77e8000-b77ee000 r-xp 00000000 08:06 183069     /usr/lib/jvm/java-6-sun-1.6.0.24/jre/lib/i386/native_threads/libhpi.so
b77ee000-b77ef000 rwxp 00006000 08:06 183069     /usr/lib/jvm/java-6-sun-1.6.0.24/jre/lib/i386/native_threads/libhpi.so
b77ef000-b77f0000 rwxp 00000000 00:00 0 
b77f0000-b77f1000 r-xp 00000000 00:00 0 
b77f1000-b77fc000 r-xp 00000000 08:06 175227     /usr/lib/jvm/java-6-sun-1.6.0.24/jre/lib/i386/libverify.so
b77fc000-b77fd000 rwxp 0000b000 08:06 175227     /usr/lib/jvm/java-6-sun-1.6.0.24/jre/lib/i386/libverify.so
b77fd000-b77ff000 rwxp 00000000 00:00 0 
b77ff000-b7800000 r-xp 00000000 00:00 0          [vdso]
b7800000-b781b000 r-xp 00000000 08:06 837838     /lib/ld-2.10.1.so
b781b000-b781c000 r-xp 0001a000 08:06 837838     /lib/ld-2.10.1.so
b781c000-b781d000 rwxp 0001b000 08:06 837838     /lib/ld-2.10.1.so
bfa89000-bfa9e000 rwxp 00000000 00:00 0          [stack]

VM Arguments:
jvm_args: -Djava.security.policy=applet.policy 
java_command: sun.applet.AppletViewer file:/home/ivan/NetBeansProjects/Service_Applet_v05_8/build/JAppletService.html
Launcher Type: SUN_STANDARD

Environment Variables:
PATH=/usr/local/sbin:/usr/local/bin:/usr/sbin:/usr/bin:/sbin:/bin:/usr/games
USERNAME=ivan
LD_LIBRARY_PATH=/usr/lib/jvm/java-6-sun-1.6.0.24/jre/lib/i386/server:/usr/lib/jvm/java-6-sun-1.6.0.24/jre/lib/i386:/usr/lib/jvm/java-6-sun-1.6.0.24/jre/../lib/i386:/usr/lib/jvm/java-6-sun-1.6.0.24/jre/lib/i386/client:/usr/lib/jvm/java-6-sun-1.6.0.24/jre/lib/i386:/usr/lib/jvm/java-6-sun-1.6.0.24/jre/../lib/i386
SHELL=/bin/bash
DISPLAY=:0.0

Signal Handlers:
SIGSEGV: [libjvm.so+0x708f80], sa_mask[0]=0x7ffbfeff, sa_flags=0x10000004
SIGBUS: [libjvm.so+0x708f80], sa_mask[0]=0x7ffbfeff, sa_flags=0x10000004
SIGFPE: [libjvm.so+0x5c4100], sa_mask[0]=0x7ffbfeff, sa_flags=0x10000004
SIGPIPE: [libjvm.so+0x5c4100], sa_mask[0]=0x7ffbfeff, sa_flags=0x10000004
SIGXFSZ: [libjvm.so+0x5c4100], sa_mask[0]=0x7ffbfeff, sa_flags=0x10000004
SIGILL: [libjvm.so+0x5c4100], sa_mask[0]=0x7ffbfeff, sa_flags=0x10000004
SIGUSR1: SIG_DFL, sa_mask[0]=0x00000000, sa_flags=0x00000000
SIGUSR2: [libjvm.so+0x5c70e0], sa_mask[0]=0x00000004, sa_flags=0x10000004
SIGHUP: [libjvm.so+0x5c6cc0], sa_mask[0]=0x7ffbfeff, sa_flags=0x10000004
SIGINT: SIG_IGN, sa_mask[0]=0x00000000, sa_flags=0x00000000
SIGTERM: [libjvm.so+0x5c6cc0], sa_mask[0]=0x7ffbfeff, sa_flags=0x10000004
SIGQUIT: [libjvm.so+0x5c6cc0], sa_mask[0]=0x7ffbfeff, sa_flags=0x10000004


---------------  S Y S T E M  ---------------

OS:squeeze/sid

uname:Linux 2.6.31-23-generic #75-Ubuntu SMP Fri Mar 18 18:08:39 UTC 2011 i686
libc:glibc 2.10.1 NPTL 2.10.1 
rlimit: STACK 8192k, CORE 0k, NPROC infinity, NOFILE 1024, AS infinity
load average:3.12 1.76 0.99

/proc/meminfo:
MemTotal:        1989504 kB
MemFree:          360316 kB
Buffers:          125008 kB
Cached:           764108 kB
SwapCached:            0 kB
Active:           990236 kB
Inactive:         560512 kB
Active(anon):     814348 kB
Inactive(anon):       16 kB
Active(file):     175888 kB
Inactive(file):   560496 kB
Unevictable:           0 kB
Mlocked:               0 kB
HighTotal:       1114784 kB
HighFree:           1612 kB
LowTotal:         874720 kB
LowFree:          358704 kB
SwapTotal:       3140696 kB
SwapFree:        3140696 kB
Dirty:              2716 kB
Writeback:             0 kB
AnonPages:        661616 kB
Mapped:           141728 kB
Slab:              49988 kB
SReclaimable:      35440 kB
SUnreclaim:        14548 kB
PageTables:         8012 kB
NFS_Unstable:          0 kB
Bounce:                0 kB
WritebackTmp:          0 kB
CommitLimit:     4135448 kB
Committed_AS:    2244828 kB
VmallocTotal:     122880 kB
VmallocUsed:       18000 kB
VmallocChunk:      99780 kB
HugePages_Total:       0
HugePages_Free:        0
HugePages_Rsvd:        0
HugePages_Surp:        0
Hugepagesize:       4096 kB
DirectMap4k:       16376 kB
DirectMap4M:      892928 kB


CPU:total 2 (2 cores per cpu, 1 threads per core) family 6 model 23 stepping 10, cmov, cx8, fxsr, mmx, sse, sse2, sse3, ssse3, sse4.1

Memory: 4k page, physical 1989504k(360316k free), swap 3140696k(3140696k free)

vm_info: Java HotSpot(TM) Server VM (19.1-b02) for linux-x86 JRE (1.6.0_24-b07), built on Feb  2 2011 16:51:52 by "java_re" with gcc 3.2.1-7a (J2SE release)

time: Wed Sep 21 11:39:38 2011
elapsed time: 1 seconds

